<?xml version="1.0" encoding="UTF-8"?>
<robot generator="Robot 3.2.1 (Python 3.8.5 on win32)" generated="20200903 18:15:05.884" rpa="false">
<suite id="s1" name="DemoApp" source="C:\Users\LENOVO\PycharmProjects\DemoAppAutomation\UI\tests\DemoApp.robot">
<test id="s1-t1" name="Verify Index Page">
<kw name="Open Browser And Go To URL" library="Utility" type="setup">
<kw name="Log To Console" library="BuiltIn">
<doc>Logs the given message to the console.</doc>
<arguments>
<arg>.. Opening Browser</arg>
</arguments>
<status status="PASS" starttime="20200903 18:15:06.050" endtime="20200903 18:15:06.051"></status>
</kw>
<kw name="Open Browser" library="SeleniumLibrary">
<doc>Opens a new browser instance to the optional ``url``.</doc>
<arguments>
<arg>${URL}</arg>
<arg>${BROWSER}</arg>
</arguments>
<msg timestamp="20200903 18:15:06.051" level="INFO">Opening browser 'ff' to base url 'http://localhost:8080/'.</msg>
<msg timestamp="20200903 18:15:06.052" level="INFO">Firefox driver log is always forced to to: C:\Users\LENOVO\PycharmProjects\DemoAppAutomation\UI\tests\geckodriver-6.log</msg>
<status status="PASS" starttime="20200903 18:15:06.051" endtime="20200903 18:15:13.978"></status>
</kw>
<status status="PASS" starttime="20200903 18:15:06.050" endtime="20200903 18:15:13.978"></status>
</kw>
<kw name="Verify App Name And Page Name" library="Utility">
<kw name="Log To Console" library="BuiltIn">
<doc>Logs the given message to the console.</doc>
<arguments>
<arg>.. /nVerifying App And Page Name</arg>
</arguments>
<status status="PASS" starttime="20200903 18:15:13.980" endtime="20200903 18:15:13.980"></status>
</kw>
<kw name="Element Should Be Visible" library="SeleniumLibrary">
<doc>Verifies that the element identified by ``locator`` is visible.</doc>
<arguments>
<arg>${DEMO}</arg>
<arg>10s</arg>
</arguments>
<msg timestamp="20200903 18:15:14.020" level="INFO">Element '//a[contains(text(), 'Demo app')]' is displayed.</msg>
<status status="PASS" starttime="20200903 18:15:13.980" endtime="20200903 18:15:14.020"></status>
</kw>
<kw name="Element Should Be Visible" library="SeleniumLibrary">
<doc>Verifies that the element identified by ``locator`` is visible.</doc>
<arguments>
<arg>${PAGE}</arg>
<arg>10s</arg>
</arguments>
<msg timestamp="20200903 18:15:14.044" level="INFO">Element '//h1[contains(text(), 'index page')]' is displayed.</msg>
<status status="PASS" starttime="20200903 18:15:14.020" endtime="20200903 18:15:14.044"></status>
</kw>
<status status="PASS" starttime="20200903 18:15:13.979" endtime="20200903 18:15:14.045"></status>
</kw>
<kw name="Verify Register Link Is Present" library="Utility">
<kw name="Log To Console" library="BuiltIn">
<doc>Logs the given message to the console.</doc>
<arguments>
<arg>.. /nVerifying Registeration Link</arg>
</arguments>
<status status="PASS" starttime="20200903 18:15:14.046" endtime="20200903 18:15:14.047"></status>
</kw>
<kw name="Element Should Be Visible" library="SeleniumLibrary">
<doc>Verifies that the element identified by ``locator`` is visible.</doc>
<arguments>
<arg>${REGISTER}</arg>
<arg>10s</arg>
</arguments>
<msg timestamp="20200903 18:15:14.071" level="INFO">Element '//a[contains(text(), 'Register')]' is displayed.</msg>
<status status="PASS" starttime="20200903 18:15:14.047" endtime="20200903 18:15:14.071"></status>
</kw>
<status status="PASS" starttime="20200903 18:15:14.046" endtime="20200903 18:15:14.071"></status>
</kw>
<kw name="Verify Login Link Is Present" library="Utility">
<kw name="Log To Console" library="BuiltIn">
<doc>Logs the given message to the console.</doc>
<arguments>
<arg>.. /nVerifying login Link</arg>
</arguments>
<status status="PASS" starttime="20200903 18:15:14.072" endtime="20200903 18:15:14.072"></status>
</kw>
<kw name="Element Should Be Visible" library="SeleniumLibrary">
<doc>Verifies that the element identified by ``locator`` is visible.</doc>
<arguments>
<arg>${LOGIN}</arg>
<arg>10s</arg>
</arguments>
<msg timestamp="20200903 18:15:14.095" level="INFO">Element '//a[contains(text(), 'Log In')]' is displayed.</msg>
<status status="PASS" starttime="20200903 18:15:14.073" endtime="20200903 18:15:14.095"></status>
</kw>
<status status="PASS" starttime="20200903 18:15:14.072" endtime="20200903 18:15:14.096"></status>
</kw>
<kw name="Close Browser" library="SeleniumLibrary" type="teardown">
<doc>Closes the current browser.</doc>
<status status="PASS" starttime="20200903 18:15:14.096" endtime="20200903 18:15:15.318"></status>
</kw>
<tags>
<tag>TC1</tag>
</tags>
<status status="PASS" starttime="20200903 18:15:06.049" endtime="20200903 18:15:15.318" critical="yes"></status>
</test>
<test id="s1-t2" name="Register User">
<kw name="Open Browser And Go To URL" library="Utility" type="setup">
<kw name="Log To Console" library="BuiltIn">
<doc>Logs the given message to the console.</doc>
<arguments>
<arg>.. Opening Browser</arg>
</arguments>
<status status="PASS" starttime="20200903 18:15:15.321" endtime="20200903 18:15:15.321"></status>
</kw>
<kw name="Open Browser" library="SeleniumLibrary">
<doc>Opens a new browser instance to the optional ``url``.</doc>
<arguments>
<arg>${URL}</arg>
<arg>${BROWSER}</arg>
</arguments>
<msg timestamp="20200903 18:15:15.322" level="INFO">Opening browser 'ff' to base url 'http://localhost:8080/'.</msg>
<msg timestamp="20200903 18:15:15.323" level="INFO">Firefox driver log is always forced to to: C:\Users\LENOVO\PycharmProjects\DemoAppAutomation\UI\tests\geckodriver-7.log</msg>
<status status="PASS" starttime="20200903 18:15:15.321" endtime="20200903 18:15:22.295"></status>
</kw>
<status status="PASS" starttime="20200903 18:15:15.320" endtime="20200903 18:15:22.296"></status>
</kw>
<kw name="Verify Register Link Is Present" library="Utility">
<kw name="Log To Console" library="BuiltIn">
<doc>Logs the given message to the console.</doc>
<arguments>
<arg>.. /nVerifying Registeration Link</arg>
</arguments>
<status status="PASS" starttime="20200903 18:15:22.297" endtime="20200903 18:15:22.297"></status>
</kw>
<kw name="Element Should Be Visible" library="SeleniumLibrary">
<doc>Verifies that the element identified by ``locator`` is visible.</doc>
<arguments>
<arg>${REGISTER}</arg>
<arg>10s</arg>
</arguments>
<msg timestamp="20200903 18:15:22.334" level="INFO">Element '//a[contains(text(), 'Register')]' is displayed.</msg>
<status status="PASS" starttime="20200903 18:15:22.297" endtime="20200903 18:15:22.335"></status>
</kw>
<status status="PASS" starttime="20200903 18:15:22.296" endtime="20200903 18:15:22.335"></status>
</kw>
<kw name="Do Registration" library="Utility">
<kw name="Log To Console" library="BuiltIn">
<doc>Logs the given message to the console.</doc>
<arguments>
<arg>.. Registering User</arg>
</arguments>
<status status="PASS" starttime="20200903 18:15:22.336" endtime="20200903 18:15:22.336"></status>
</kw>
<kw name="Click Register Link" library="UserAction">
<kw name="Log To Console" library="BuiltIn">
<doc>Logs the given message to the console.</doc>
<arguments>
<arg>.. Clicking register Link</arg>
</arguments>
<status status="PASS" starttime="20200903 18:15:22.336" endtime="20200903 18:15:22.337"></status>
</kw>
<kw name="Click Element" library="SeleniumLibrary">
<doc>Click the element identified by ``locator``.</doc>
<arguments>
<arg>${REGISTER}</arg>
</arguments>
<msg timestamp="20200903 18:15:22.337" level="INFO">Clicking element '//a[contains(text(), 'Register')]'.</msg>
<status status="PASS" starttime="20200903 18:15:22.337" endtime="20200903 18:15:22.398"></status>
</kw>
<status status="PASS" starttime="20200903 18:15:22.336" endtime="20200903 18:15:22.398"></status>
</kw>
<kw name="Register Page Should Open" library="Utility">
<kw name="Log To Console" library="BuiltIn">
<doc>Logs the given message to the console.</doc>
<arguments>
<arg>.. Verifying Register Page is Open</arg>
</arguments>
<status status="PASS" starttime="20200903 18:15:22.399" endtime="20200903 18:15:22.400"></status>
</kw>
<kw name="Page Should Contain Element" library="SeleniumLibrary">
<doc>Verifies that element ``locator`` is found on the current page.</doc>
<arguments>
<arg>${REGISTER_HEADER}</arg>
</arguments>
<msg timestamp="20200903 18:15:22.405" level="INFO">Current page contains element '//h1[contains(text(), 'Register')]'.</msg>
<status status="PASS" starttime="20200903 18:15:22.400" endtime="20200903 18:15:22.406"></status>
</kw>
<status status="PASS" starttime="20200903 18:15:22.399" endtime="20200903 18:15:22.406"></status>
</kw>
<kw name="Enter username" library="UserAction">
<kw name="Log To Console" library="BuiltIn">
<doc>Logs the given message to the console.</doc>
<arguments>
<arg>.. Entering Username</arg>
</arguments>
<status status="PASS" starttime="20200903 18:15:22.407" endtime="20200903 18:15:22.408"></status>
</kw>
<kw name="Element Should Be Visible" library="SeleniumLibrary">
<doc>Verifies that the element identified by ``locator`` is visible.</doc>
<arguments>
<arg>${USERNAME_INPUT}</arg>
<arg>10s</arg>
</arguments>
<msg timestamp="20200903 18:15:22.439" level="INFO">Element '//input[@id="username"]' is displayed.</msg>
<status status="PASS" starttime="20200903 18:15:22.408" endtime="20200903 18:15:22.439"></status>
</kw>
<kw name="Create Username" library="GenerateUserInfo">
<arguments>
<arg>user</arg>
</arguments>
<assign>
<var>${username}</var>
</assign>
<msg timestamp="20200903 18:15:22.440" level="INFO">creating username
user0010</msg>
<msg timestamp="20200903 18:15:22.440" level="INFO">${username} = user0010</msg>
<status status="PASS" starttime="20200903 18:15:22.440" endtime="20200903 18:15:22.440"></status>
</kw>
<kw name="Set Global Variable" library="BuiltIn">
<doc>Makes a variable available globally in all tests and suites.</doc>
<arguments>
<arg>${username}</arg>
<arg>${USERNAME}</arg>
</arguments>
<msg timestamp="20200903 18:15:22.441" level="INFO">${username} = user0010</msg>
<status status="PASS" starttime="20200903 18:15:22.440" endtime="20200903 18:15:22.441"></status>
</kw>
<kw name="Input Text" library="SeleniumLibrary">
<doc>Types the given ``text`` into the text field identified by ``locator``.</doc>
<arguments>
<arg>${USERNAME_INPUT}</arg>
<arg>${USERNAME}</arg>
</arguments>
<msg timestamp="20200903 18:15:22.442" level="INFO">Typing text 'user0010' into text field '//input[@id="username"]'.</msg>
<status status="PASS" starttime="20200903 18:15:22.441" endtime="20200903 18:15:22.475"></status>
</kw>
<status status="PASS" starttime="20200903 18:15:22.407" endtime="20200903 18:15:22.475"></status>
</kw>
<kw name="Enter Password" library="UserAction">
<kw name="Log To Console" library="BuiltIn">
<doc>Logs the given message to the console.</doc>
<arguments>
<arg>.. Entering Password</arg>
</arguments>
<status status="PASS" starttime="20200903 18:15:22.476" endtime="20200903 18:15:22.476"></status>
</kw>
<kw name="Element Should Be Visible" library="SeleniumLibrary">
<doc>Verifies that the element identified by ``locator`` is visible.</doc>
<arguments>
<arg>${PASSWORD_INPUT}</arg>
<arg>10s</arg>
</arguments>
<msg timestamp="20200903 18:15:22.498" level="INFO">Element '//input[@id="password"]' is displayed.</msg>
<status status="PASS" starttime="20200903 18:15:22.477" endtime="20200903 18:15:22.498"></status>
</kw>
<kw name="Create Password" library="GenerateUserInfo">
<assign>
<var>${password}</var>
</assign>
<msg timestamp="20200903 18:15:22.499" level="INFO">creating password
tXopMW2i</msg>
<msg timestamp="20200903 18:15:22.499" level="INFO">${password} = tXopMW2i</msg>
<status status="PASS" starttime="20200903 18:15:22.499" endtime="20200903 18:15:22.499"></status>
</kw>
<kw name="Log To Console" library="BuiltIn">
<doc>Logs the given message to the console.</doc>
<arguments>
<arg>${password}</arg>
</arguments>
<status status="PASS" starttime="20200903 18:15:22.500" endtime="20200903 18:15:22.500"></status>
</kw>
<kw name="Set Global Variable" library="BuiltIn">
<doc>Makes a variable available globally in all tests and suites.</doc>
<arguments>
<arg>${password}</arg>
<arg>${PASSWORD}</arg>
</arguments>
<msg timestamp="20200903 18:15:22.501" level="INFO">${password} = tXopMW2i</msg>
<status status="PASS" starttime="20200903 18:15:22.500" endtime="20200903 18:15:22.501"></status>
</kw>
<kw name="Input Text" library="SeleniumLibrary">
<doc>Types the given ``text`` into the text field identified by ``locator``.</doc>
<arguments>
<arg>${PASSWORD_INPUT}</arg>
<arg>${PASSWORD}</arg>
</arguments>
<msg timestamp="20200903 18:15:22.501" level="INFO">Typing text 'tXopMW2i' into text field '//input[@id="password"]'.</msg>
<status status="PASS" starttime="20200903 18:15:22.501" endtime="20200903 18:15:22.529"></status>
</kw>
<status status="PASS" starttime="20200903 18:15:22.475" endtime="20200903 18:15:22.529"></status>
</kw>
<kw name="Enter FirstName" library="UserAction">
<kw name="Log To Console" library="BuiltIn">
<doc>Logs the given message to the console.</doc>
<arguments>
<arg>.. Entering FirstName</arg>
</arguments>
<status status="PASS" starttime="20200903 18:15:22.530" endtime="20200903 18:15:22.530"></status>
</kw>
<kw name="Element Should Be Visible" library="SeleniumLibrary">
<doc>Verifies that the element identified by ``locator`` is visible.</doc>
<arguments>
<arg>${FIRSTNAME_INPUT}</arg>
<arg>10s</arg>
</arguments>
<msg timestamp="20200903 18:15:22.555" level="INFO">Element '//input[@id="firstname"]' is displayed.</msg>
<status status="PASS" starttime="20200903 18:15:22.530" endtime="20200903 18:15:22.555"></status>
</kw>
<kw name="Input Text" library="SeleniumLibrary">
<doc>Types the given ``text`` into the text field identified by ``locator``.</doc>
<arguments>
<arg>${FIRSTNAME_INPUT}</arg>
<arg>${FIRSTNAME}</arg>
</arguments>
<msg timestamp="20200903 18:15:22.556" level="INFO">Typing text 'Demo_First_Name' into text field '//input[@id="firstname"]'.</msg>
<status status="PASS" starttime="20200903 18:15:22.555" endtime="20200903 18:15:22.590"></status>
</kw>
<status status="PASS" starttime="20200903 18:15:22.529" endtime="20200903 18:15:22.590"></status>
</kw>
<kw name="Enter FamilyName" library="UserAction">
<kw name="Log To Console" library="BuiltIn">
<doc>Logs the given message to the console.</doc>
<arguments>
<arg>.. Entering FamilyName</arg>
</arguments>
<status status="PASS" starttime="20200903 18:15:22.591" endtime="20200903 18:15:22.591"></status>
</kw>
<kw name="Element Should Be Visible" library="SeleniumLibrary">
<doc>Verifies that the element identified by ``locator`` is visible.</doc>
<arguments>
<arg>${LASTNAME_INPUT}</arg>
<arg>10s</arg>
</arguments>
<msg timestamp="20200903 18:15:22.614" level="INFO">Element '//input[@id="lastname"]' is displayed.</msg>
<status status="PASS" starttime="20200903 18:15:22.591" endtime="20200903 18:15:22.615"></status>
</kw>
<kw name="Input Text" library="SeleniumLibrary">
<doc>Types the given ``text`` into the text field identified by ``locator``.</doc>
<arguments>
<arg>${LASTNAME_INPUT}</arg>
<arg>${LASTNAME}</arg>
</arguments>
<msg timestamp="20200903 18:15:22.615" level="INFO">Typing text 'Demo_Last_Name' into text field '//input[@id="lastname"]'.</msg>
<status status="PASS" starttime="20200903 18:15:22.615" endtime="20200903 18:15:22.644"></status>
</kw>
<status status="PASS" starttime="20200903 18:15:22.590" endtime="20200903 18:15:22.644"></status>
</kw>
<kw name="Enter PhoneNumber" library="UserAction">
<kw name="Log To Console" library="BuiltIn">
<doc>Logs the given message to the console.</doc>
<arguments>
<arg>.. Entering PhoneNumber</arg>
</arguments>
<status status="PASS" starttime="20200903 18:15:22.645" endtime="20200903 18:15:22.645"></status>
</kw>
<kw name="Element Should Be Visible" library="SeleniumLibrary">
<doc>Verifies that the element identified by ``locator`` is visible.</doc>
<arguments>
<arg>${PHONENUMBER_INPUT}</arg>
<arg>10s</arg>
</arguments>
<msg timestamp="20200903 18:15:22.667" level="INFO">Element '//input[@id="phone"]' is displayed.</msg>
<status status="PASS" starttime="20200903 18:15:22.645" endtime="20200903 18:15:22.667"></status>
</kw>
<kw name="Create Phonenumber" library="GenerateUserInfo">
<assign>
<var>${phonenumber}</var>
</assign>
<msg timestamp="20200903 18:15:22.668" level="INFO">creating email
+358257736803</msg>
<msg timestamp="20200903 18:15:22.668" level="INFO">${phonenumber} = +358257736803</msg>
<status status="PASS" starttime="20200903 18:15:22.668" endtime="20200903 18:15:22.668"></status>
</kw>
<kw name="Set Global Variable" library="BuiltIn">
<doc>Makes a variable available globally in all tests and suites.</doc>
<arguments>
<arg>${phonenumber}</arg>
<arg>${PHONENUMBER}</arg>
</arguments>
<msg timestamp="20200903 18:15:22.669" level="INFO">${phonenumber} = +358257736803</msg>
<status status="PASS" starttime="20200903 18:15:22.669" endtime="20200903 18:15:22.670"></status>
</kw>
<kw name="Input Text" library="SeleniumLibrary">
<doc>Types the given ``text`` into the text field identified by ``locator``.</doc>
<arguments>
<arg>${PHONENUMBER_INPUT}</arg>
<arg>${PHONENUMBER}</arg>
</arguments>
<msg timestamp="20200903 18:15:22.670" level="INFO">Typing text '+358257736803' into text field '//input[@id="phone"]'.</msg>
<status status="PASS" starttime="20200903 18:15:22.670" endtime="20200903 18:15:22.713"></status>
</kw>
<status status="PASS" starttime="20200903 18:15:22.644" endtime="20200903 18:15:22.713"></status>
</kw>
<kw name="Click Register" library="UserAction">
<kw name="Log To Console" library="BuiltIn">
<doc>Logs the given message to the console.</doc>
<arguments>
<arg>.. Clicking Register Button</arg>
</arguments>
<status status="PASS" starttime="20200903 18:15:22.714" endtime="20200903 18:15:22.715"></status>
</kw>
<kw name="Element Should Be Visible" library="SeleniumLibrary">
<doc>Verifies that the element identified by ``locator`` is visible.</doc>
<arguments>
<arg>${REGISTER_BUTTON}</arg>
<arg>10s</arg>
</arguments>
<msg timestamp="20200903 18:15:22.740" level="INFO">Element '//form/input[6]' is displayed.</msg>
<status status="PASS" starttime="20200903 18:15:22.715" endtime="20200903 18:15:22.741"></status>
</kw>
<kw name="Click Element" library="SeleniumLibrary">
<doc>Click the element identified by ``locator``.</doc>
<arguments>
<arg>${REGISTER_BUTTON}</arg>
</arguments>
<msg timestamp="20200903 18:15:22.741" level="INFO">Clicking element '//form/input[6]'.</msg>
<status status="PASS" starttime="20200903 18:15:22.741" endtime="20200903 18:15:22.965"></status>
</kw>
<status status="PASS" starttime="20200903 18:15:22.714" endtime="20200903 18:15:22.965"></status>
</kw>
<kw name="Log To Console" library="BuiltIn">
<doc>Logs the given message to the console.</doc>
<arguments>
<arg>.. User Registered.</arg>
</arguments>
<status status="PASS" starttime="20200903 18:15:22.966" endtime="20200903 18:15:22.966"></status>
</kw>
<status status="PASS" starttime="20200903 18:15:22.335" endtime="20200903 18:15:22.966"></status>
</kw>
<kw name="Close Browser" library="SeleniumLibrary" type="teardown">
<doc>Closes the current browser.</doc>
<status status="PASS" starttime="20200903 18:15:22.967" endtime="20200903 18:15:24.156"></status>
</kw>
<tags>
<tag>TC2</tag>
</tags>
<status status="PASS" starttime="20200903 18:15:15.320" endtime="20200903 18:15:24.156" critical="yes"></status>
</test>
<test id="s1-t3" name="Login User">
<kw name="Open Browser And Go To URL" library="Utility" type="setup">
<kw name="Log To Console" library="BuiltIn">
<doc>Logs the given message to the console.</doc>
<arguments>
<arg>.. Opening Browser</arg>
</arguments>
<status status="PASS" starttime="20200903 18:15:24.158" endtime="20200903 18:15:24.159"></status>
</kw>
<kw name="Open Browser" library="SeleniumLibrary">
<doc>Opens a new browser instance to the optional ``url``.</doc>
<arguments>
<arg>${URL}</arg>
<arg>${BROWSER}</arg>
</arguments>
<msg timestamp="20200903 18:15:24.159" level="INFO">Opening browser 'ff' to base url 'http://localhost:8080/'.</msg>
<msg timestamp="20200903 18:15:24.160" level="INFO">Firefox driver log is always forced to to: C:\Users\LENOVO\PycharmProjects\DemoAppAutomation\UI\tests\geckodriver-8.log</msg>
<status status="PASS" starttime="20200903 18:15:24.159" endtime="20200903 18:15:31.197"></status>
</kw>
<status status="PASS" starttime="20200903 18:15:24.158" endtime="20200903 18:15:31.197"></status>
</kw>
<kw name="Verify Login Link Is Present" library="Utility">
<kw name="Log To Console" library="BuiltIn">
<doc>Logs the given message to the console.</doc>
<arguments>
<arg>.. /nVerifying login Link</arg>
</arguments>
<status status="PASS" starttime="20200903 18:15:31.199" endtime="20200903 18:15:31.199"></status>
</kw>
<kw name="Element Should Be Visible" library="SeleniumLibrary">
<doc>Verifies that the element identified by ``locator`` is visible.</doc>
<arguments>
<arg>${LOGIN}</arg>
<arg>10s</arg>
</arguments>
<msg timestamp="20200903 18:15:31.247" level="INFO">Element '//a[contains(text(), 'Log In')]' is displayed.</msg>
<status status="PASS" starttime="20200903 18:15:31.199" endtime="20200903 18:15:31.247"></status>
</kw>
<status status="PASS" starttime="20200903 18:15:31.198" endtime="20200903 18:15:31.247"></status>
</kw>
<kw name="Login User" library="Utility">
<kw name="Log To Console" library="BuiltIn">
<doc>Logs the given message to the console.</doc>
<arguments>
<arg>..</arg>
<arg>User Logging in</arg>
</arguments>
<status status="PASS" starttime="20200903 18:15:31.249" endtime="20200903 18:15:31.249"></status>
</kw>
<kw name="Click Login Link" library="UserAction">
<kw name="Log To Console" library="BuiltIn">
<doc>Logs the given message to the console.</doc>
<arguments>
<arg>.. Clicking Log In link</arg>
</arguments>
<status status="PASS" starttime="20200903 18:15:31.250" endtime="20200903 18:15:31.250"></status>
</kw>
<kw name="Click Element" library="SeleniumLibrary">
<doc>Click the element identified by ``locator``.</doc>
<arguments>
<arg>${LOGIN}</arg>
</arguments>
<msg timestamp="20200903 18:15:31.252" level="INFO">Clicking element '//a[contains(text(), 'Log In')]'.</msg>
<status status="PASS" starttime="20200903 18:15:31.250" endtime="20200903 18:15:31.310"></status>
</kw>
<status status="PASS" starttime="20200903 18:15:31.249" endtime="20200903 18:15:31.311"></status>
</kw>
<kw name="login Page Should Open" library="Utility">
<kw name="Log To Console" library="BuiltIn">
<doc>Logs the given message to the console.</doc>
<arguments>
<arg>.. Verifying Login Page is Open</arg>
</arguments>
<status status="PASS" starttime="20200903 18:15:31.311" endtime="20200903 18:15:31.312"></status>
</kw>
<kw name="Page Should Contain Element" library="SeleniumLibrary">
<doc>Verifies that element ``locator`` is found on the current page.</doc>
<arguments>
<arg>${LOGIN_HEADER}</arg>
</arguments>
<msg timestamp="20200903 18:15:31.317" level="INFO">Current page contains element '//h1[contains(text(), 'Log In')]'.</msg>
<status status="PASS" starttime="20200903 18:15:31.312" endtime="20200903 18:15:31.317"></status>
</kw>
<status status="PASS" starttime="20200903 18:15:31.311" endtime="20200903 18:15:31.317"></status>
</kw>
<kw name="Enter Login Username" library="UserAction">
<kw name="Log To Console" library="BuiltIn">
<doc>Logs the given message to the console.</doc>
<arguments>
<arg>.. Entering UserName</arg>
</arguments>
<status status="PASS" starttime="20200903 18:15:31.318" endtime="20200903 18:15:31.318"></status>
</kw>
<kw name="Element Should Be Visible" library="SeleniumLibrary">
<doc>Verifies that the element identified by ``locator`` is visible.</doc>
<arguments>
<arg>${USERNAME_INPUT}</arg>
<arg>10s</arg>
</arguments>
<msg timestamp="20200903 18:15:31.346" level="INFO">Element '//input[@id="username"]' is displayed.</msg>
<status status="PASS" starttime="20200903 18:15:31.319" endtime="20200903 18:15:31.346"></status>
</kw>
<kw name="Input Text" library="SeleniumLibrary">
<doc>Types the given ``text`` into the text field identified by ``locator``.</doc>
<arguments>
<arg>${USERNAME_INPUT}</arg>
<arg>${username}</arg>
</arguments>
<msg timestamp="20200903 18:15:31.347" level="INFO">Typing text 'user0010' into text field '//input[@id="username"]'.</msg>
<status status="PASS" starttime="20200903 18:15:31.347" endtime="20200903 18:15:31.382"></status>
</kw>
<status status="PASS" starttime="20200903 18:15:31.317" endtime="20200903 18:15:31.382"></status>
</kw>
<kw name="Enter login Password" library="UserAction">
<kw name="Log To Console" library="BuiltIn">
<doc>Logs the given message to the console.</doc>
<arguments>
<arg>.. Entering Password</arg>
</arguments>
<status status="PASS" starttime="20200903 18:15:31.383" endtime="20200903 18:15:31.383"></status>
</kw>
<kw name="Element Should Be Visible" library="SeleniumLibrary">
<doc>Verifies that the element identified by ``locator`` is visible.</doc>
<arguments>
<arg>${PASSWORD_INPUT}</arg>
<arg>10s</arg>
</arguments>
<msg timestamp="20200903 18:15:31.407" level="INFO">Element '//input[@id="password"]' is displayed.</msg>
<status status="PASS" starttime="20200903 18:15:31.384" endtime="20200903 18:15:31.407"></status>
</kw>
<kw name="Input Text" library="SeleniumLibrary">
<doc>Types the given ``text`` into the text field identified by ``locator``.</doc>
<arguments>
<arg>${PASSWORD_INPUT}</arg>
<arg>${password}</arg>
</arguments>
<msg timestamp="20200903 18:15:31.408" level="INFO">Typing text 'tXopMW2i' into text field '//input[@id="password"]'.</msg>
<status status="PASS" starttime="20200903 18:15:31.407" endtime="20200903 18:15:31.438"></status>
</kw>
<status status="PASS" starttime="20200903 18:15:31.382" endtime="20200903 18:15:31.438"></status>
</kw>
<kw name="Click Login" library="UserAction">
<kw name="Log To Console" library="BuiltIn">
<doc>Logs the given message to the console.</doc>
<arguments>
<arg>.. Clicking Login Button</arg>
</arguments>
<status status="PASS" starttime="20200903 18:15:31.439" endtime="20200903 18:15:31.440"></status>
</kw>
<kw name="Element Should Be Visible" library="SeleniumLibrary">
<doc>Verifies that the element identified by ``locator`` is visible.</doc>
<arguments>
<arg>${LOGIN_BUTTON}</arg>
<arg>10s</arg>
</arguments>
<msg timestamp="20200903 18:15:31.463" level="INFO">Element '//form/input[3]' is displayed.</msg>
<status status="PASS" starttime="20200903 18:15:31.440" endtime="20200903 18:15:31.463"></status>
</kw>
<kw name="Click Element" library="SeleniumLibrary">
<doc>Click the element identified by ``locator``.</doc>
<arguments>
<arg>${LOGIN_BUTTON}</arg>
</arguments>
<msg timestamp="20200903 18:15:31.464" level="INFO">Clicking element '//form/input[3]'.</msg>
<status status="PASS" starttime="20200903 18:15:31.464" endtime="20200903 18:15:31.582"></status>
</kw>
<status status="PASS" starttime="20200903 18:15:31.438" endtime="20200903 18:15:31.583"></status>
</kw>
<kw name="User Information Page Should Open" library="Utility">
<kw name="Log To Console" library="BuiltIn">
<doc>Logs the given message to the console.</doc>
<arguments>
<arg>.. Verifying User Information Page is Open</arg>
</arguments>
<status status="PASS" starttime="20200903 18:15:31.584" endtime="20200903 18:15:31.584"></status>
</kw>
<kw name="Page Should Contain Element" library="SeleniumLibrary">
<doc>Verifies that element ``locator`` is found on the current page.</doc>
<arguments>
<arg>${USER_INFO}</arg>
</arguments>
<msg timestamp="20200903 18:15:31.595" level="INFO">Current page contains element '//h1[contains(text(),'User Information')]'.</msg>
<status status="PASS" starttime="20200903 18:15:31.584" endtime="20200903 18:15:31.595"></status>
</kw>
<status status="PASS" starttime="20200903 18:15:31.583" endtime="20200903 18:15:31.595"></status>
</kw>
<kw name="Page Should Contain Element" library="SeleniumLibrary">
<doc>Verifies that element ``locator`` is found on the current page.</doc>
<arguments>
<arg>${USER_INFO}</arg>
</arguments>
<msg timestamp="20200903 18:15:31.600" level="INFO">Current page contains element '//h1[contains(text(),'User Information')]'.</msg>
<status status="PASS" starttime="20200903 18:15:31.595" endtime="20200903 18:15:31.600"></status>
</kw>
<status status="PASS" starttime="20200903 18:15:31.248" endtime="20200903 18:15:31.600"></status>
</kw>
<kw name="Close Browser" library="SeleniumLibrary" type="teardown">
<doc>Closes the current browser.</doc>
<status status="PASS" starttime="20200903 18:15:31.601" endtime="20200903 18:15:32.664"></status>
</kw>
<tags>
<tag>TC3</tag>
</tags>
<status status="PASS" starttime="20200903 18:15:24.158" endtime="20200903 18:15:32.664" critical="yes"></status>
</test>
<doc>Suite description</doc>
<status status="PASS" starttime="20200903 18:15:05.885" endtime="20200903 18:15:32.666"></status>
</suite>
<statistics>
<total>
<stat pass="3" fail="0">Critical Tests</stat>
<stat pass="3" fail="0">All Tests</stat>
</total>
<tag>
<stat pass="1" fail="0">TC1</stat>
<stat pass="1" fail="0">TC2</stat>
<stat pass="1" fail="0">TC3</stat>
</tag>
<suite>
<stat pass="3" fail="0" id="s1" name="DemoApp">DemoApp</stat>
</suite>
</statistics>
<errors>
</errors>
</robot>
